<?xml version="1.0" encoding="UTF-8"?>
<testng-results ignored="0" total="1" passed="1" failed="0" skipped="0">
  <reporter-output>
  </reporter-output>
  <suite started-at="2024-02-29T22:45:25 IST" name="Default suite" finished-at="2024-02-29T22:45:41 IST" duration-ms="16907">
    <groups>
    </groups>
    <test started-at="2024-02-29T22:45:25 IST" name="Default test" finished-at="2024-02-29T22:45:41 IST" duration-ms="16907">
      <class name="ManipalAxis.OrangeHRM.Immegration">
        <test-method signature="Immigrationmethod()[pri:0, instance:ManipalAxis.OrangeHRM.Immegration@201a4587]" started-at="2024-02-29T22:45:25 IST" name="Immigrationmethod" finished-at="2024-02-29T22:45:41 IST" duration-ms="16853" status="PASS">
          <reporter-output>
          </reporter-output>
        </test-method> <!-- Immigrationmethod -->
      </class> <!-- ManipalAxis.OrangeHRM.Immegration -->
    </test> <!-- Default test -->
  </suite> <!-- Default suite -->
</testng-results>
